2025-11-14T10:23:51.632210+00:00 | analytics run started | db=ecommerce.db
2025-11-14T10:23:51.633005+00:00 | compiling view=top_content_view
2025-11-14T10:23:51.642718+00:00 | compiled view=top_content_view successfully
2025-11-14T10:23:51.660466+00:00 | view=top_content_view | rows=300 | output=data\processed\top_content_report.csv
2025-11-14T10:23:51.660911+00:00 | compiling view=engagement_view
2025-11-14T10:23:51.665689+00:00 | compiled view=engagement_view successfully
2025-11-14T10:23:51.673872+00:00 | view=engagement_view | rows=601 | output=data\processed\engagement_report.csv
2025-11-14T10:23:51.674060+00:00 | analytics run completed
2025-11-14T10:52:17.505213+00:00 | analytics run started | db=ecommerce.db
2025-11-14T10:52:17.507456+00:00 | compiling view=top_content_view
2025-11-14T10:52:17.517314+00:00 | compiled view=top_content_view successfully
2025-11-14T10:52:17.533542+00:00 | view=top_content_view | rows=300 | output=data\processed\top_content_report.csv
2025-11-14T10:52:17.533946+00:00 | compiling view=engagement_view
2025-11-14T10:52:17.538096+00:00 | compiled view=engagement_view successfully
2025-11-14T10:52:17.546038+00:00 | view=engagement_view | rows=601 | output=data\processed\engagement_report.csv
2025-11-14T10:52:17.546222+00:00 | analytics run completed
2025-11-14T11:16:03.361907+00:00 | analytics run started | db=ecommerce.db
2025-11-14T11:16:03.363612+00:00 | compiling view=top_content_view
2025-11-14T11:16:03.372574+00:00 | compiled view=top_content_view successfully
2025-11-14T11:16:03.388948+00:00 | view=top_content_view | rows=300 | output=data\processed\top_content_report.csv
2025-11-14T11:16:03.390546+00:00 | compiling view=engagement_view
2025-11-14T11:16:03.394516+00:00 | compiled view=engagement_view successfully
2025-11-14T11:16:03.403601+00:00 | view=engagement_view | rows=601 | output=data\processed\engagement_report.csv
2025-11-14T11:16:03.404895+00:00 | analytics run completed
